  [4;36;1mSQL (0.2ms)[0m   [0;1mSET SQL_AUTO_IS_NULL=0[0m
  [4;35;1mSQL (0.2ms)[0m   [0mSHOW TABLES[0m
  [4;36;1mSQL (51.2ms)[0m   [0;1mCREATE TABLE `schema_migrations` (`version` varchar(255) NOT NULL) ENGINE=InnoDB[0m
  [4;35;1mSQL (0.5ms)[0m   [0mSHOW KEYS FROM `schema_migrations`[0m
  [4;36;1mSQL (183.3ms)[0m   [0;1mCREATE UNIQUE INDEX `unique_schema_migrations` ON `schema_migrations` (`version`)[0m
  [4;35;1mSQL (0.4ms)[0m   [0mSHOW TABLES[0m
  [4;36;1mSQL (0.3ms)[0m   [0;1mSELECT version FROM schema_migrations[0m
Migrating to CreateIterations (20100930143221)
  [4;35;1mSQL (68.3ms)[0m   [0mCREATE TABLE `iterations` (`id` int(11) DEFAULT NULL auto_increment PRIMARY KEY, `value` varchar(255), `created_at` datetime, `updated_at` datetime) ENGINE=InnoDB[0m
  [4;36;1mSQL (0.4ms)[0m   [0;1mINSERT INTO schema_migrations (version) VALUES ('20100930143221')[0m
Migrating to CreateTurkeeTasks (20100930143752)
  [4;35;1mSQL (89.8ms)[0m   [0mCREATE TABLE `turkee_tasks` (`id` int(11) DEFAULT NULL auto_increment PRIMARY KEY, `hit_url` varchar(255), `sandbox` tinyint(1), `task_id` int(11), `task_type` varchar(255), `hit_title` text, `hit_description` text, `hit_id` varchar(255), `form_url` varchar(255), `approved` varchar(255), `created_at` datetime, `updated_at` datetime) ENGINE=InnoDB[0m
  [4;36;1mSQL (0.5ms)[0m   [0;1mINSERT INTO schema_migrations (version) VALUES ('20100930143752')[0m
Migrating to CreateTurkeeImportedAssignments (20100930143753)
  [4;35;1mSQL (71.0ms)[0m   [0mCREATE TABLE `turkee_imported_assignments` (`id` int(11) DEFAULT NULL auto_increment PRIMARY KEY, `assignment_id` varchar(255), `created_at` datetime, `updated_at` datetime) ENGINE=InnoDB[0m
  [4;36;1mSQL (0.5ms)[0m   [0;1mINSERT INTO schema_migrations (version) VALUES ('20100930143753')[0m
  [4;35;1mSQL (0.4ms)[0m   [0mSHOW TABLES[0m
  [4;36;1mSQL (0.2ms)[0m   [0;1mSELECT version FROM schema_migrations[0m
  [4;35;1mSQL (0.3ms)[0m   [0mSHOW TABLES[0m
  [4;36;1mSQL (0.8ms)[0m   [0;1mSHOW FIELDS FROM `iterations`[0m
  [4;35;1mSQL (0.8ms)[0m   [0mdescribe `iterations`[0m
  [4;36;1mSQL (0.2ms)[0m   [0;1mSHOW KEYS FROM `iterations`[0m
  [4;35;1mSQL (0.8ms)[0m   [0mSHOW FIELDS FROM `turkee_imported_assignments`[0m
  [4;36;1mSQL (0.8ms)[0m   [0;1mdescribe `turkee_imported_assignments`[0m
  [4;35;1mSQL (0.4ms)[0m   [0mSHOW KEYS FROM `turkee_imported_assignments`[0m
  [4;36;1mSQL (0.8ms)[0m   [0;1mSHOW FIELDS FROM `turkee_tasks`[0m
  [4;35;1mSQL (1.0ms)[0m   [0mdescribe `turkee_tasks`[0m
  [4;36;1mSQL (0.5ms)[0m   [0;1mSHOW KEYS FROM `turkee_tasks`[0m
  [4;36;1mSQL (0.3ms)[0m   [0;1mSET SQL_AUTO_IS_NULL=0[0m
  [4;35;1mSQL (0.3ms)[0m   [0mSHOW TABLES[0m
  [4;36;1mSQL (0.2ms)[0m   [0;1mSELECT version FROM schema_migrations[0m
Migrating to CreateIterations (20100930143221)
Migrating to CreateTurkeeTasks (20100930143752)
Migrating to CreateTurkeeImportedAssignments (20100930143753)
Migrating to AddFormBodyToTurkeeTasks (20100930145945)
  [4;35;1mSQL (77.5ms)[0m   [0mALTER TABLE `turkee_tasks` ADD `form_body` varchar(255)[0m
  [4;36;1mSQL (0.8ms)[0m   [0;1mINSERT INTO schema_migrations (version) VALUES ('20100930145945')[0m
  [4;35;1mSQL (0.4ms)[0m   [0mSHOW TABLES[0m
  [4;36;1mSQL (0.2ms)[0m   [0;1mSELECT version FROM schema_migrations[0m
  [4;35;1mSQL (0.3ms)[0m   [0mSHOW TABLES[0m
  [4;36;1mSQL (0.8ms)[0m   [0;1mSHOW FIELDS FROM `iterations`[0m
  [4;35;1mSQL (1.0ms)[0m   [0mdescribe `iterations`[0m
  [4;36;1mSQL (0.2ms)[0m   [0;1mSHOW KEYS FROM `iterations`[0m
  [4;35;1mSQL (0.6ms)[0m   [0mSHOW FIELDS FROM `turkee_imported_assignments`[0m
  [4;36;1mSQL (0.9ms)[0m   [0;1mdescribe `turkee_imported_assignments`[0m
  [4;35;1mSQL (0.5ms)[0m   [0mSHOW KEYS FROM `turkee_imported_assignments`[0m
  [4;36;1mSQL (0.8ms)[0m   [0;1mSHOW FIELDS FROM `turkee_tasks`[0m
  [4;35;1mSQL (1.3ms)[0m   [0mdescribe `turkee_tasks`[0m
  [4;36;1mSQL (0.7ms)[0m   [0;1mSHOW KEYS FROM `turkee_tasks`[0m
